0 info it worked if it ends with ok
1 verbose cli [ 'C:\\Program Files\\nodejs\\node.exe',
1 verbose cli   'C:\\Users\\hranjan\\AppData\\Roaming\\npm\\node_modules\\npm\\bin\\npm-cli.js',
1 verbose cli   'start' ]
2 info using npm@4.1.2
3 info using node@v8.11.1
4 verbose run-script [ 'prestart', 'start', 'poststart' ]
5 info lifecycle typescript-complete-course@1.0.0~prestart: typescript-complete-course@1.0.0
6 silly lifecycle typescript-complete-course@1.0.0~prestart: no script for prestart, continuing
7 info lifecycle typescript-complete-course@1.0.0~start: typescript-complete-course@1.0.0
8 verbose lifecycle typescript-complete-course@1.0.0~start: unsafe-perm in lifecycle true
9 verbose lifecycle typescript-complete-course@1.0.0~start: PATH: C:\Users\hranjan\AppData\Roaming\npm\node_modules\npm\bin\node-gyp-bin;D:\TUTORIALS\Typescript\Understanding Typescript\Course Workspace\node_modules\.bin;C:\ProgramData\Oracle\Java\javapath;C:\Program Files (x86)\Intel\iCLS Client\;C:\Program Files\Intel\iCLS Client\;C:\Windows\system32;C:\Windows;C:\Windows\System32\Wbem;C:\Windows\System32\WindowsPowerShell\v1.0\;C:\Program Files (x86)\Intel\Intel(R) Management Engine Components\DAL;C:\Program Files\Intel\Intel(R) Management Engine Components\DAL;C:\Program Files (x86)\Intel\Intel(R) Management Engine Components\IPT;C:\Program Files\Intel\Intel(R) Management Engine Components\IPT;C:\Program Files\Java\jdk1.7.0_79\bin;C:\Program Files (x86)\Brackets\command;C:\Program Files\TortoiseSVN\bin;C:\Program Files\Cloud Foundry;C:\Program Files\nodejs\;C:\Users\hranjan\AppData\Local\Programs\Python\Python35\Scripts\;C:\Users\hranjan\AppData\Local\Programs\Python\Python35\;C:\Users\hranjan\AppData\Local\Programs\Python\Python36\Scripts\;C:\Users\hranjan\AppData\Local\Programs\Python\Python36\;C:\Ruby23-x64\bin;C:\Users\hranjan\AppData\Local\Programs\Git\cmd;C:\Users\hranjan\AppData\Roaming\Cloud Foundry;C:\Users\hranjan\AppData\Roaming\npm
10 verbose lifecycle typescript-complete-course@1.0.0~start: CWD: D:\TUTORIALS\Typescript\Understanding Typescript\Course Workspace
11 silly lifecycle typescript-complete-course@1.0.0~start: Args: [ '/d /s /c', 'lite-server' ]
12 verbose stack Error: kill ENOSYS
12 verbose stack     at Object._errnoException (util.js:1022:11)
12 verbose stack     at process.kill (internal/process.js:183:18)
12 verbose stack     at process.listener (C:\Users\hranjan\AppData\Roaming\npm\node_modules\npm\node_modules\npmlog\node_modules\gauge\node_modules\signal-exit\index.js:95:15)
12 verbose stack     at emitNone (events.js:106:13)
12 verbose stack     at process.emit (events.js:208:7)
12 verbose stack     at processEmit (C:\Users\hranjan\AppData\Roaming\npm\node_modules\npm\node_modules\npmlog\node_modules\gauge\node_modules\signal-exit\index.js:155:32)
12 verbose stack     at Signal.wrap.onsignal (internal/process.js:208:44)
13 verbose cwd D:\TUTORIALS\Typescript\Understanding Typescript\Course Workspace
14 error Windows_NT 10.0.10586
15 error argv "C:\\Program Files\\nodejs\\node.exe" "C:\\Users\\hranjan\\AppData\\Roaming\\npm\\node_modules\\npm\\bin\\npm-cli.js" "start"
16 error node v8.11.1
17 error npm  v4.1.2
18 error code ENOSYS
19 error errno ENOSYS
20 error syscall kill
21 error kill ENOSYS
22 error If you need help, you may report this error at:
22 error     <https://github.com/npm/npm/issues>
23 verbose exit [ 1, true ]
